Сборка начата 20.02.2024 20:27:11.
Уровень детализации журнала: Normal.     1>Проект "D:\4sem\уник\МатПрога\MP\Lab_02\Lab_02(task 5)\Lab_02(task 5).vcxproj" в узле 2 (целевые объекты Build).
     1>InitializeBuildStatus:
         Создание "x64\Debug\Lab_02(task 5).tlog\unsuccessfulbuild", так как было задано "AlwaysCreate".
         Обращение к "x64\Debug\Lab_02(task 5).tlog\unsuccessfulbuild".
       ClCompile:
         D:\Professional\VC\Tools\MSVC\14.37.32822\bin\HostX64\x64\CL.exe /c /ZI /JMC /nologo /W3 /WX- /diagnostics:column /sdl /Od /D _DEBUG /D _CONSOLE /D _UNICODE /D UNICODE /Gm- /EHsc /RTC1 /MDd /GS /fp:precise /Zc:wchar_t /Zc:forScope /Zc:inline /permissive- /Fo"x64\Debug\\" /Fd"x64\Debug\vc143.pdb" /external:W3 /Gd /TP /FC /errorReport:prompt "Lab_02(task 5).cpp"
         Lab_02(task 5).cpp
       Link:
         D:\Professional\VC\Tools\MSVC\14.37.32822\bin\HostX64\x64\link.exe /ERRORREPORT:PROMPT /OUT:"D:\4sem\уник\МатПрога\MP\Lab_02\Lab_02\x64\Debug\Lab_02(task 5).exe" /INCREMENTAL /ILK:"x64\Debug\Lab_02(task 5).ilk" /NOLOGO kernel32.lib user32.lib gdi32.lib winspool.lib comdlg32.lib advapi32.lib shell32.lib ole32.lib oleaut32.lib uuid.lib odbc32.lib odbccp32.lib /MANIFEST /MANIFESTUAC:"level='asInvoker' uiAccess='false'" /manifest:embed /DEBUG /PDB:"D:\4sem\уник\МатПрога\MP\Lab_02\Lab_02\x64\Debug\Lab_02(task 5).pdb" /SUBSYSTEM:CONSOLE /TLBID:1 /DYNAMICBASE /NXCOMPAT /IMPLIB:"D:\4sem\уник\МатПрога\MP\Lab_02\Lab_02\x64\Debug\Lab_02(task 5).lib" /MACHINE:X64 x64\Debug\Auxil.obj
         x64\Debug\Boat.obj
         x64\Debug\Combi.obj
         "x64\Debug\Lab_02(task 5).obj"
         x64\Debug\pch.obj
         Lab_02(task 5).vcxproj -> D:\4sem\уник\МатПрога\MP\Lab_02\Lab_02\x64\Debug\Lab_02(task 5).exe
       FinalizeBuildStatus:
         Файл "x64\Debug\Lab_02(task 5).tlog\unsuccessfulbuild" удаляется.
         Обращение к "x64\Debug\Lab_02(task 5).tlog\Lab_02(task 5).lastbuildstate".
     1>Сборка проекта "D:\4sem\уник\МатПрога\MP\Lab_02\Lab_02(task 5)\Lab_02(task 5).vcxproj" завершена (целевые объекты Build).

Сборка успешно завершена.
    Предупреждений: 0
    Ошибок: 0

Прошло времени 00:00:01.33
