15.03.2024 02:04:39 [main] INFO  Sosnovets.bstu.main.Main - Начало программы.
15.03.2024 02:04:39 [main] INFO  Sosnovets.bstu.main.Main - Набор в компанию выполнен.
15.03.2024 02:04:39 [main] INFO  Sosnovets.bstu.main.Main - Поиск совершён.
15.03.2024 02:04:39 [main] INFO  Sosnovets.bstu.main.Main - Список отсортирован.
15.03.2024 02:04:39 [main] INFO  Sosnovets.bstu.main.Main - XML сериализован.
15.03.2024 02:04:39 [main] INFO  Sosnovets.bstu.main.Main - XML десериализован.
15.03.2024 02:04:39 [main] INFO  Sosnovets.bstu.main.Main - JSON сериализован.
15.03.2024 02:04:39 [main] INFO  Sosnovets.bstu.main.Main - JSON десериализован.
15.03.2024 02:04:39 [main] INFO  Sosnovets.bstu.main.Main - Stream API.
15.03.2024 02:04:39 [main] INFO  Sosnovets.bstu.main.Main - SAX.
15.03.2024 02:04:39 [main] INFO  Sosnovets.bstu.main.Main - Финальный блок (выполняется в любом случае).

15.03.2024 11:23:53 [main] INFO  Sosnovets.bstu.main.Main - Начало программы.
15.03.2024 11:23:53 [main] INFO  Sosnovets.bstu.main.Main - Набор в компанию выполнен.
15.03.2024 11:23:53 [main] INFO  Sosnovets.bstu.main.Main - Поиск совершён.
15.03.2024 11:23:53 [main] INFO  Sosnovets.bstu.main.Main - Список отсортирован.
15.03.2024 11:23:53 [main] INFO  Sosnovets.bstu.main.Main - XML сериализован.
15.03.2024 11:23:53 [main] INFO  Sosnovets.bstu.main.Main - XML десериализован.
15.03.2024 11:23:54 [main] INFO  Sosnovets.bstu.main.Main - JSON сериализован.
15.03.2024 11:23:54 [main] INFO  Sosnovets.bstu.main.Main - JSON десериализован.
15.03.2024 11:23:54 [main] INFO  Sosnovets.bstu.main.Main - Stream API.
15.03.2024 11:23:54 [main] INFO  Sosnovets.bstu.main.Main - SAX.
15.03.2024 11:23:54 [main] INFO  Sosnovets.bstu.main.Main - Финальный блок (выполняется в любом случае).

15.03.2024 11:27:02 [main] INFO  Sosnovets.bstu.main.Main - Начало программы.
15.03.2024 11:27:02 [main] INFO  Sosnovets.bstu.main.Main - Набор в компанию выполнен.
15.03.2024 11:27:02 [main] INFO  Sosnovets.bstu.main.Main - Поиск совершён.
15.03.2024 11:27:02 [main] INFO  Sosnovets.bstu.main.Main - Список отсортирован.
15.03.2024 11:27:02 [main] INFO  Sosnovets.bstu.main.Main - XML сериализован.
15.03.2024 11:27:02 [main] INFO  Sosnovets.bstu.main.Main - XML десериализован.
15.03.2024 11:27:02 [main] INFO  Sosnovets.bstu.main.Main - JSON сериализован.
15.03.2024 11:27:02 [main] INFO  Sosnovets.bstu.main.Main - JSON десериализован.
15.03.2024 11:27:02 [main] INFO  Sosnovets.bstu.main.Main - Stream API.
15.03.2024 11:27:02 [main] INFO  Sosnovets.bstu.main.Main - SAX.
15.03.2024 11:27:02 [main] INFO  Sosnovets.bstu.main.Main - Финальный блок (выполняется в любом случае).

15.03.2024 17:26:51 [main] INFO  Sosnovets.bstu.main.Main - Начало программы.
15.03.2024 17:26:51 [main] INFO  Sosnovets.bstu.main.Main - Набор в компанию выполнен.
15.03.2024 17:26:51 [main] INFO  Sosnovets.bstu.main.Main - Поиск совершён.
15.03.2024 17:26:51 [main] INFO  Sosnovets.bstu.main.Main - Список отсортирован.
15.03.2024 17:26:51 [main] INFO  Sosnovets.bstu.main.Main - XML сериализован.
15.03.2024 17:26:51 [main] INFO  Sosnovets.bstu.main.Main - XML десериализован.
15.03.2024 17:26:51 [main] INFO  Sosnovets.bstu.main.Main - JSON сериализован.
15.03.2024 17:26:51 [main] INFO  Sosnovets.bstu.main.Main - JSON десериализован.
15.03.2024 17:26:51 [main] INFO  Sosnovets.bstu.main.Main - Stream API.
15.03.2024 17:26:51 [main] INFO  Sosnovets.bstu.main.Main - SAX.
15.03.2024 17:26:51 [main] INFO  Sosnovets.bstu.main.Main - Финальный блок (выполняется в любом случае).

