Сборка начата 23.04.2024 00:28:51.
Уровень детализации журнала: Normal.     1>Проект "D:\fourth_semester\university\МатПрога\MP\MP\Lab_06\Lab06\Lab06\Lab06.vcxproj" в узле 2 (целевые объекты Build).
     1>PrepareForBuild:
         Структурированный вывод включен. Форматирование диагностики компилятора будет отражать иерархию ошибок. Подробнее см. https://aka.ms/cpp/structured-output.
       InitializeBuildStatus:
         Создание "x64\Debug\Lab06.tlog\unsuccessfulbuild", так как было задано "AlwaysCreate".
         Обращение к "x64\Debug\Lab06.tlog\unsuccessfulbuild".
       ClCompile:
         D:\Professional\VC\Tools\MSVC\14.39.33519\bin\HostX64\x64\CL.exe /c /ZI /JMC /nologo /W3 /WX- /diagnostics:column /sdl /Od /D _DEBUG /D _CONSOLE /D _UNICODE /D UNICODE /Gm- /EHsc /RTC1 /MDd /GS /fp:precise /Zc:wchar_t /Zc:forScope /Zc:inline /permissive- /Fo"x64\Debug\\" /Fd"x64\Debug\vc143.pdb" /external:W3 /Gd /TP /FC /errorReport:prompt Graph.cpp
         Graph.cpp
       Link:
         D:\Professional\VC\Tools\MSVC\14.39.33519\bin\HostX64\x64\link.exe /ERRORREPORT:PROMPT /OUT:"D:\fourth_semester\university\МатПрога\MP\MP\Lab_06\Lab06\x64\Debug\Lab06.exe" /INCREMENTAL /ILK:"x64\Debug\Lab06.ilk" /NOLOGO kernel32.lib user32.lib gdi32.lib winspool.lib comdlg32.lib advapi32.lib shell32.lib ole32.lib oleaut32.lib uuid.lib odbc32.lib odbccp32.lib /MANIFEST /MANIFESTUAC:"level='asInvoker' uiAccess='false'" /manifest:embed /DEBUG /PDB:"D:\fourth_semester\university\МатПрога\MP\MP\Lab_06\Lab06\x64\Debug\Lab06.pdb" /SUBSYSTEM:CONSOLE /TLBID:1 /DYNAMICBASE /NXCOMPAT /IMPLIB:"D:\fourth_semester\university\МатПрога\MP\MP\Lab_06\Lab06\x64\Debug\Lab06.lib" /MACHINE:X64 x64\Debug\BFS.obj
         x64\Debug\DFS.obj
         x64\Debug\Graph.obj
         x64\Debug\Lab06.obj
         Lab06.vcxproj -> D:\fourth_semester\university\МатПрога\MP\MP\Lab_06\Lab06\x64\Debug\Lab06.exe
       FinalizeBuildStatus:
         Файл "x64\Debug\Lab06.tlog\unsuccessfulbuild" удаляется.
         Обращение к "x64\Debug\Lab06.tlog\Lab06.lastbuildstate".
     1>Сборка проекта "D:\fourth_semester\university\МатПрога\MP\MP\Lab_06\Lab06\Lab06\Lab06.vcxproj" завершена (целевые объекты Build).

Сборка успешно завершена.
    Предупреждений: 0
    Ошибок: 0

Прошло времени 00:00:00.71
