Сборка начата 18.02.2024 17:56:59.
Уровень детализации журнала: Normal.     1>Проект "D:\4sem\уник\МатПрога\MP\Lab_02\Lab_02(task 6)\Lab_02(task 6).vcxproj" в узле 2 (целевые объекты Build).
     1>InitializeBuildStatus:
         Создание "Debug\Lab_02(task 6).tlog\unsuccessfulbuild", так как было задано "AlwaysCreate".
         Обращение к "Debug\Lab_02(task 6).tlog\unsuccessfulbuild".
       ClCompile:
         D:\Professional\VC\Tools\MSVC\14.37.32822\bin\HostX86\x86\CL.exe /c /ZI /JMC /nologo /W3 /WX- /diagnostics:column /sdl /Od /Oy- /D WIN32 /D _DEBUG /D _CONSOLE /D _UNICODE /D UNICODE /Gm- /EHsc /RTC1 /MDd /GS /fp:precise /Zc:wchar_t /Zc:forScope /Zc:inline /permissive- /Fo"Debug\\" /Fd"Debug\vc143.pdb" /external:W3 /Gd /TP /analyze- /FC /errorReport:prompt "Lab_02(task 6).cpp"
         Lab_02(task 6).cpp
       Link:
         D:\Professional\VC\Tools\MSVC\14.37.32822\bin\HostX86\x86\link.exe /ERRORREPORT:PROMPT /OUT:"D:\4sem\уник\МатПрога\MP\Lab_02\Lab_02\Debug\Lab_02(task 6).exe" /INCREMENTAL /ILK:"Debug\Lab_02(task 6).ilk" /NOLOGO kernel32.lib user32.lib gdi32.lib winspool.lib comdlg32.lib advapi32.lib shell32.lib ole32.lib oleaut32.lib uuid.lib odbc32.lib odbccp32.lib /MANIFEST /MANIFESTUAC:"level='asInvoker' uiAccess='false'" /manifest:embed /DEBUG /PDB:"D:\4sem\уник\МатПрога\MP\Lab_02\Lab_02\Debug\Lab_02(task 6).pdb" /SUBSYSTEM:CONSOLE /TLBID:1 /DYNAMICBASE /NXCOMPAT /IMPLIB:"D:\4sem\уник\МатПрога\MP\Lab_02\Lab_02\Debug\Lab_02(task 6).lib" /MACHINE:X86 Debug\BoatC.obj
         Debug\Combi4.obj
         "Debug\Lab_02(task 6).obj"
     1>D:\Professional\MSBuild\Microsoft\VC\v170\Microsoft.CppCommon.targets(1134,5): error MSB6006: "link.exe" завершилась с кодом 1168.
     1>LINK : fatal error LNK1168: не удается открыть D:\4sem\уник\МатПрога\MP\Lab_02\Lab_02\Debug\Lab_02(task 6).exe для записи
     1>Сборка проекта "D:\4sem\уник\МатПрога\MP\Lab_02\Lab_02(task 6)\Lab_02(task 6).vcxproj" завершена (целевые объекты Build) с ошибкой.

Ошибка сборки.

       "D:\4sem\уник\МатПрога\MP\Lab_02\Lab_02(task 6)\Lab_02(task 6).vcxproj" (целевой объект Build ) (1) ->
       (Целевой объект Link) -> 
         D:\Professional\MSBuild\Microsoft\VC\v170\Microsoft.CppCommon.targets(1134,5): error MSB6006: "link.exe" завершилась с кодом 1168.
         LINK : fatal error LNK1168: не удается открыть D:\4sem\уник\МатПрога\MP\Lab_02\Lab_02\Debug\Lab_02(task 6).exe для записи

    Предупреждений: 0
    Ошибок: 2

Прошло времени 00:00:01.70
