Сборка начата 13.02.2024 19:55:29.
Уровень детализации журнала: Normal.     1>Проект "D:\4sem\уник\МатПрога\Lab_01\Lab_01\Lab_01.vcxproj" в узле 2 (целевые объекты Build).
     1>PrepareForBuild:
         Создание каталога "x64\Release\Lab_01.tlog\".
       InitializeBuildStatus:
         Создание "x64\Release\Lab_01.tlog\unsuccessfulbuild", так как было задано "AlwaysCreate".
         Обращение к "x64\Release\Lab_01.tlog\unsuccessfulbuild".
       ClCompile:
         D:\Professional\VC\Tools\MSVC\14.37.32822\bin\HostX64\x64\CL.exe /c /Zi /nologo /W3 /WX- /diagnostics:column /sdl /O2 /Oi /GL /D NDEBUG /D _CONSOLE /D _UNICODE /D UNICODE /Gm- /EHsc /MD /GS /Gy /fp:precise /Zc:wchar_t /Zc:forScope /Zc:inline /permissive- /Fo"x64\Release\\" /Fd"x64\Release\vc143.pdb" /external:W3 /Gd /TP /FC /errorReport:prompt Auxil.cpp Lab_01.cpp
         Auxil.cpp
         Lab_01.cpp
       Link:
         D:\Professional\VC\Tools\MSVC\14.37.32822\bin\HostX64\x64\link.exe /ERRORREPORT:PROMPT /OUT:"D:\4sem\уник\МатПрога\Lab_01\Lab_01\x64\Release\Lab_01.exe" /NOLOGO kernel32.lib user32.lib gdi32.lib winspool.lib comdlg32.lib advapi32.lib shell32.lib ole32.lib oleaut32.lib uuid.lib odbc32.lib odbccp32.lib /MANIFEST /MANIFESTUAC:"level='asInvoker' uiAccess='false'" /manifest:embed /DEBUG /PDB:"D:\4sem\уник\МатПрога\Lab_01\Lab_01\x64\Release\Lab_01.pdb" /SUBSYSTEM:CONSOLE /OPT:REF /OPT:ICF /LTCG:incremental /LTCGOUT:"x64\Release\Lab_01.iobj" /TLBID:1 /DYNAMICBASE /NXCOMPAT /IMPLIB:"D:\4sem\уник\МатПрога\Lab_01\Lab_01\x64\Release\Lab_01.lib" /MACHINE:X64 x64\Release\Auxil.obj
         x64\Release\Lab_01.obj
         Создание кода
         Previous IPDB not found, fall back to full compilation.
         All 16 functions were compiled because no usable IPDB/IOBJ from previous compilation was found.
         Создание кода завершено
         Lab_01.vcxproj -> D:\4sem\уник\МатПрога\Lab_01\Lab_01\x64\Release\Lab_01.exe
       FinalizeBuildStatus:
         Файл "x64\Release\Lab_01.tlog\unsuccessfulbuild" удаляется.
         Обращение к "x64\Release\Lab_01.tlog\Lab_01.lastbuildstate".
     1>Сборка проекта "D:\4sem\уник\МатПрога\Lab_01\Lab_01\Lab_01.vcxproj" завершена (целевые объекты Build).

Сборка успешно завершена.
    Предупреждений: 0
    Ошибок: 0

Прошло времени 00:00:02.69
