Сборка начата 02.04.2024 19:47:04.
Уровень детализации журнала: Normal.     1>Проект "D:\fourth_semester\university\МатПрога\MP\MP\Lab_04\Lab_04\Lab_04.vcxproj" в узле 2 (целевые объекты Build).
     1>InitializeBuildStatus:
         Создание "x64\Release\Lab_04.tlog\unsuccessfulbuild", так как было задано "AlwaysCreate".
         Обращение к "x64\Release\Lab_04.tlog\unsuccessfulbuild".
       ClCompile:
         D:\Professional\VC\Tools\MSVC\14.37.32822\bin\HostX64\x64\CL.exe /c /Zi /nologo /W3 /WX- /diagnostics:column /sdl /O2 /Oi /GL /D NDEBUG /D _CONSOLE /D _UNICODE /D UNICODE /Gm- /EHsc /MD /GS /Gy /fp:precise /Zc:wchar_t /Zc:forScope /Zc:inline /permissive- /Fo"x64\Release\\" /Fd"x64\Release\vc143.pdb" /external:W3 /Gd /TP /FC /errorReport:prompt Lab_04.cpp
         Lab_04.cpp
     1>D:\fourth_semester\university\МатПрога\MP\MP\Lab_04\Lab_04\Lab_04.cpp(24,12): warning C4244: аргумент: преобразование "time_t" в "unsigned int", возможна потеря данных
     1>D:\fourth_semester\university\МатПрога\MP\MP\Lab_04\Lab_04\Lab_04.cpp(38,6): warning C4101: res: неиспользованная локальная переменная
       Link:
         D:\Professional\VC\Tools\MSVC\14.37.32822\bin\HostX64\x64\link.exe /ERRORREPORT:PROMPT /OUT:"D:\fourth_semester\university\МатПрога\MP\MP\Lab_04\Lab_04\x64\Release\Lab_04.exe" /NOLOGO kernel32.lib user32.lib gdi32.lib winspool.lib comdlg32.lib advapi32.lib shell32.lib ole32.lib oleaut32.lib uuid.lib odbc32.lib odbccp32.lib /MANIFEST /MANIFESTUAC:"level='asInvoker' uiAccess='false'" /manifest:embed /DEBUG /PDB:"D:\fourth_semester\university\МатПрога\MP\MP\Lab_04\Lab_04\x64\Release\Lab_04.pdb" /SUBSYSTEM:CONSOLE /OPT:REF /OPT:ICF /LTCG:incremental /LTCGOUT:"x64\Release\Lab_04.iobj" /TLBID:1 /DYNAMICBASE /NXCOMPAT /IMPLIB:"D:\fourth_semester\university\МатПрога\MP\MP\Lab_04\Lab_04\x64\Release\Lab_04.lib" /MACHINE:X64 x64\Release\Lab_04.obj
         x64\Release\Levenshtein.obj
         x64\Release\MultyMatrix.obj
         x64\Release\pch.obj
         Создание кода
         1 of 21 functions ( 4.8%) were compiled, the rest were copied from previous compilation.
           0 functions were new in current compilation
           0 functions had inline decision re-evaluated but remain unchanged
         Создание кода завершено
         Lab_04.vcxproj -> D:\fourth_semester\university\МатПрога\MP\MP\Lab_04\Lab_04\x64\Release\Lab_04.exe
       FinalizeBuildStatus:
         Файл "x64\Release\Lab_04.tlog\unsuccessfulbuild" удаляется.
         Обращение к "x64\Release\Lab_04.tlog\Lab_04.lastbuildstate".
     1>Сборка проекта "D:\fourth_semester\university\МатПрога\MP\MP\Lab_04\Lab_04\Lab_04.vcxproj" завершена (целевые объекты Build).

Сборка успешно завершена.

       "D:\fourth_semester\university\МатПрога\MP\MP\Lab_04\Lab_04\Lab_04.vcxproj" (целевой объект Build ) (1) ->
       (Целевой объект ClCompile) -> 
         D:\fourth_semester\university\МатПрога\MP\MP\Lab_04\Lab_04\Lab_04.cpp(24,12): warning C4244: аргумент: преобразование "time_t" в "unsigned int", возможна потеря данных
         D:\fourth_semester\university\МатПрога\MP\MP\Lab_04\Lab_04\Lab_04.cpp(38,6): warning C4101: res: неиспользованная локальная переменная

    Предупреждений: 2
    Ошибок: 0

Прошло времени 00:00:01.77
